<?xml version="1.0" encoding="UTF-8"?>
<!-- Generated by org.testng.reporters.JUnitXMLReporter -->
<testsuite ignored="0" hostname="DESKTOP-JFO3FKG" failures="0" tests="3" name="Default test" time="29.77" errors="0" timestamp="2025-08-23T14:00:10 IST">
  <testcase classname="com.orangehrm.tests.LoginOrangeHRM" name="verifylogin" time="7.76"/>
  <testcase classname="com.orangehrm.tests.LoginOrangeHRM" name="verifylogin" time="3.243"/>
  <testcase classname="com.orangehrm.tests.LoginOrangeHRM" name="verifylogin" time="1.882"/>
</testsuite> <!-- Default test -->
