<?xml version="1.0" encoding="UTF-8"?>
<!-- Generated by org.testng.reporters.JUnitXMLReporter -->
<testsuite ignored="0" hostname="DESKTOP-JFO3FKG" failures="1" tests="1" name="Test_3" time="7.816" errors="0" timestamp="2025-08-18T15:42:59 IST">
  <testcase classname="Webdriver.Lab4Test" name="lab4" time="2.237">
    <failure type="java.lang.AssertionError" message="
Expected: is &amp;quot;Your Store&amp;quot;
     but: was &amp;quot;Just a moment...&amp;quot;">
      <![CDATA[java.lang.AssertionError: 
Expected: is "Your Store"
     but: was "Just a moment..."
at org.hamcrest.MatcherAssert.assertThat(MatcherAssert.java:20)
at org.hamcrest.MatcherAssert.assertThat(MatcherAssert.java:6)
at Webdriver.Lab4Test.lab4(Lab4Test.java:45)
at java.base/java.util.ArrayList.forEach(ArrayList.java:1596)
... Removed 25 stack frames]]>
    </failure>
  </testcase> <!-- lab4 -->
</testsuite> <!-- Test_3 -->
