<?xml version="1.0" encoding="UTF-8"?>
<testng-results ignored="0" total="1" passed="1" failed="0" skipped="0">
  <reporter-output>
  </reporter-output>
  <suite started-at="2025-08-22T12:12:51 IST" name="Default suite" finished-at="2025-08-22T12:13:04 IST" duration-ms="12925">
    <groups>
    </groups>
    <test started-at="2025-08-22T12:12:51 IST" name="Default test" finished-at="2025-08-22T12:13:04 IST" duration-ms="12925">
      <class name="Webdriver.Qn_15">
        <test-method is-config="true" signature="beforeMethod()[pri:0, instance:Webdriver.Qn_15@179ece50]" started-at="2025-08-22T12:12:51 IST" name="beforeMethod" finished-at="2025-08-22T12:13:01 IST" duration-ms="9386" status="PASS">
          <reporter-output>
          </reporter-output>
        </test-method> <!-- beforeMethod -->
        <test-method signature="f(java.lang.String,java.lang.String,java.lang.String,java.lang.String,java.lang.String,java.lang.String)[pri:0, instance:Webdriver.Qn_15@179ece50]" started-at="2025-08-22T12:13:01 IST" name="f" data-provider="dp" finished-at="2025-08-22T12:13:04 IST" duration-ms="3419" status="PASS">
          <params>
            <param index="0">
              <value>
                <![CDATA[﻿Sidharth]]>
              </value>
            </param>
            <param index="1">
              <value>
                <![CDATA[K]]>
              </value>
            </param>
            <param index="2">
              <value>
                <![CDATA[sid@gmail.com]]>
              </value>
            </param>
            <param index="3">
              <value>
                <![CDATA[912345]]>
              </value>
            </param>
            <param index="4">
              <value>
                <![CDATA[abc123]]>
              </value>
            </param>
            <param index="5">
              <value>
                <![CDATA[abc123]]>
              </value>
            </param>
          </params>
          <reporter-output>
          </reporter-output>
        </test-method> <!-- f -->
        <test-method is-config="true" signature="afterMethod()[pri:0, instance:Webdriver.Qn_15@179ece50]" started-at="2025-08-22T12:13:04 IST" name="afterMethod" finished-at="2025-08-22T12:13:04 IST" duration-ms="1" status="PASS">
          <reporter-output>
          </reporter-output>
        </test-method> <!-- afterMethod -->
      </class> <!-- Webdriver.Qn_15 -->
    </test> <!-- Default test -->
  </suite> <!-- Default suite -->
</testng-results>
