<?xml version="1.0" encoding="UTF-8"?>
<testng-results ignored="0" total="2" passed="2" failed="0" skipped="0">
  <reporter-output>
  </reporter-output>
  <suite started-at="2025-08-19T14:22:31 IST" name="Suite_4" finished-at="2025-08-19T14:23:03 IST" duration-ms="32442">
    <groups>
    </groups>
    <test started-at="2025-08-19T14:22:31 IST" name="Chrometest" finished-at="2025-08-19T14:23:02 IST" duration-ms="31638">
      <class name="Webdriver.Lab4Test_qn9">
        <test-method is-config="true" signature="setUp(java.lang.String)[pri:0, instance:Webdriver.Lab4Test_qn9@7c7a06ec]" started-at="2025-08-19T14:22:31 IST" name="setUp" finished-at="2025-08-19T14:22:46 IST" duration-ms="15535" status="PASS">
          <params>
            <param index="0">
              <value>
                <![CDATA[chrome]]>
              </value>
            </param>
          </params>
          <reporter-output>
          </reporter-output>
        </test-method> <!-- setUp -->
        <test-method signature="lab4()[pri:0, instance:Webdriver.Lab4Test_qn9@7c7a06ec]" started-at="2025-08-19T14:22:46 IST" name="lab4" finished-at="2025-08-19T14:22:58 IST" duration-ms="12270" status="PASS">
          <reporter-output>
          </reporter-output>
        </test-method> <!-- lab4 -->
        <test-method is-config="true" signature="tearDown()[pri:0, instance:Webdriver.Lab4Test_qn9@7c7a06ec]" started-at="2025-08-19T14:22:59 IST" name="tearDown" finished-at="2025-08-19T14:23:02 IST" duration-ms="3681" status="PASS">
          <reporter-output>
          </reporter-output>
        </test-method> <!-- tearDown -->
      </class> <!-- Webdriver.Lab4Test_qn9 -->
    </test> <!-- Chrometest -->
    <test started-at="2025-08-19T14:22:31 IST" name="Edge" finished-at="2025-08-19T14:23:03 IST" duration-ms="32442">
      <class name="Webdriver.Lab4Test_qn9">
        <test-method is-config="true" signature="setUp(java.lang.String)[pri:0, instance:Webdriver.Lab4Test_qn9@69453e37]" started-at="2025-08-19T14:22:31 IST" name="setUp" finished-at="2025-08-19T14:22:43 IST" duration-ms="12656" status="PASS">
          <params>
            <param index="0">
              <value>
                <![CDATA[edge]]>
              </value>
            </param>
          </params>
          <reporter-output>
          </reporter-output>
        </test-method> <!-- setUp -->
        <test-method signature="lab4()[pri:0, instance:Webdriver.Lab4Test_qn9@69453e37]" started-at="2025-08-19T14:22:43 IST" name="lab4" finished-at="2025-08-19T14:23:01 IST" duration-ms="17552" status="PASS">
          <reporter-output>
          </reporter-output>
        </test-method> <!-- lab4 -->
        <test-method is-config="true" signature="tearDown()[pri:0, instance:Webdriver.Lab4Test_qn9@69453e37]" started-at="2025-08-19T14:23:01 IST" name="tearDown" finished-at="2025-08-19T14:23:03 IST" duration-ms="2117" status="PASS">
          <reporter-output>
          </reporter-output>
        </test-method> <!-- tearDown -->
      </class> <!-- Webdriver.Lab4Test_qn9 -->
    </test> <!-- Edge -->
  </suite> <!-- Suite_4 -->
</testng-results>
